<?xml version="1.0" encoding="UTF-8"?>
<testsuites>
  <testsuite name="Drupal\Tests\follow\Functional\LoadTest" file="/home/sgalata/www/sgalata/web/modules/custom/follow/tests/src/Functional/LoadTest.php" tests="1" assertions="5" errors="1" failures="0" skipped="0" time="18.607826">
    <testcase name="testFollowPage" class="Drupal\Tests\follow\Functional\LoadTest" classname="Drupal.Tests.follow.Functional.LoadTest" file="/home/sgalata/www/sgalata/web/modules/custom/follow/tests/src/Functional/LoadTest.php" line="41" assertions="5" time="18.607826">
      <error type="Exception">Drupal\Tests\follow\Functional\LoadTest::testFollowPage
Exception: User warning: mkdir(): Permission Denied
Drupal\Component\PhpStorage\FileStorage-&gt;createDirectory()() (Line: 173)


/home/sgalata/www/sgalata/web/core/lib/Drupal/Core/Test/HttpClientMiddleware/TestHttpClientMiddleware.php:51
/home/sgalata/www/sgalata/vendor/guzzlehttp/promises/src/Promise.php:203
/home/sgalata/www/sgalata/vendor/guzzlehttp/promises/src/Promise.php:156
/home/sgalata/www/sgalata/vendor/guzzlehttp/promises/src/TaskQueue.php:47
/home/sgalata/www/sgalata/vendor/guzzlehttp/promises/src/Promise.php:246
/home/sgalata/www/sgalata/vendor/guzzlehttp/promises/src/Promise.php:223
/home/sgalata/www/sgalata/vendor/guzzlehttp/promises/src/Promise.php:267
/home/sgalata/www/sgalata/vendor/guzzlehttp/promises/src/Promise.php:225
/home/sgalata/www/sgalata/vendor/guzzlehttp/promises/src/Promise.php:62
/home/sgalata/www/sgalata/vendor/guzzlehttp/guzzle/src/Client.php:131
/home/sgalata/www/sgalata/vendor/fabpot/goutte/Goutte/Client.php:155
/home/sgalata/www/sgalata/vendor/symfony/browser-kit/Client.php:312
/home/sgalata/www/sgalata/vendor/behat/mink-browserkit-driver/src/BrowserKitDriver.php:144
/home/sgalata/www/sgalata/vendor/behat/mink/src/Session.php:148
/home/sgalata/www/sgalata/web/core/tests/Drupal/Tests/BrowserTestBase.php:721
/home/sgalata/www/sgalata/web/core/tests/Drupal/Tests/BrowserTestBase.php:810
/home/sgalata/www/sgalata/web/modules/custom/follow/tests/src/Functional/LoadTest.php:42
</error>
    </testcase>
  </testsuite>
</testsuites>
